<?xml version="1.0" encoding="UTF-8"?>
<!-- Generated by org.testng.reporters.JUnitReportReporter -->
<testsuite skipped="0" hostname="Isha-PC" name="testNG.LoginTest" tests="5" failures="0" timestamp="23 Dec 2016 22:52:38 GMT" time="0.023" errors="0">
  <testcase name="loginTest" time="0.004" classname="testNG.LoginTest"/>
  <testcase name="loginTest" time="0.003" classname="testNG.LoginTest"/>
  <testcase name="loginTest" time="0.004" classname="testNG.LoginTest"/>
  <testcase name="loginTest" time="0.007" classname="testNG.LoginTest"/>
  <testcase name="loginTest" time="0.005" classname="testNG.LoginTest"/>
</testsuite> <!-- testNG.LoginTest -->
