<?xml version="1.0" encoding="UTF-8"?>
<!-- Generated by org.testng.reporters.JUnitReportReporter -->
<testsuite skipped="0" hostname="Isha-PC" name="testNG.TestOne" tests="2" failures="0" timestamp="9 Dec 2016 17:19:56 GMT" time="0.071" errors="0">
  <testcase name="e" time="0.065" classname="testNG.TestOne"/>
  <testcase name="f" time="0.006" classname="testNG.TestOne"/>
</testsuite> <!-- testNG.TestOne -->
